This file contains any messages produced by compilers while
running configure, to aid debugging if configure makes a mistake.

It was created by newlib configure 1.18.0, which was
generated by GNU Autoconf 2.63.  Invocation command line was

  $ ./configure --disable-option-checking --prefix=/usr/local --cache-file=/dev/null --srcdir=.

## --------- ##
## Platform. ##
## --------- ##

hostname = Trigun
uname -m = i686
uname -r = 1.7.1(0.218/5/3)
uname -s = CYGWIN_NT-5.1
uname -v = 2009-12-07 11:48

/usr/bin/uname -p = unknown
/bin/uname -X     = unknown

/bin/arch              = i686
/usr/bin/arch -k       = unknown
/usr/convex/getsysinfo = unknown
/usr/bin/hostinfo      = unknown
/bin/machine           = unknown
/usr/bin/oslevel       = unknown
/bin/universe          = unknown

PATH: /usr/local/bin
PATH: /usr/bin
PATH: /bin
PATH: /cygdrive/c/Program Files/CodeSourcery/Sourcery G++ Lite/bin
PATH: /cygdrive/c/WINDOWS/system32
PATH: /cygdrive/c/WINDOWS
PATH: /cygdrive/c/WINDOWS/System32/Wbem
PATH: /cygdrive/c/Program Files/TortoiseSVN/bin
PATH: /cygdrive/c/Cygnus/arm-tools/bin
PATH: /cygdrive/c/Cygnus/Bin


## ----------- ##
## Core tests. ##
## ----------- ##

configure:2139: checking build system type
configure:2157: result: i686-pc-cygwin
configure:2195: checking for a BSD-compatible install
configure:2263: result: /usr/bin/install -c
configure:2274: checking whether build environment is sane
configure:2334: result: yes
configure:2475: checking for a thread-safe mkdir -p
configure:2514: result: /usr/bin/mkdir -p
configure:2527: checking for gawk
configure:2543: found /usr/bin/gawk
configure:2554: result: gawk
configure:2565: checking whether make sets $(MAKE)
configure:2591: result: no
configure:2617: checking for style of include used by make
configure:2645: result: none
configure:2800: checking host system type
configure:2815: result: i686-pc-cygwin
configure:2908: checking for gcc
configure:2924: found /usr/bin/gcc
configure:2935: result: gcc
configure:2946: checking dependency style of gcc
configure:3056: result: none
configure:3131: checking whether we are using GNU C
configure:3142: gcc -E conftest.c
configure:3145: $? = 0
configure:3152: result: yes
configure:3161: checking whether gcc accepts -g
configure:3191: gcc -c -g  conftest.c >&5
configure:3198: $? = 0
configure: failed program was:
| /* confdefs.h.  */
| #define PACKAGE_NAME "newlib"
| #define PACKAGE_TARNAME "newlib"
| #define PACKAGE_VERSION "1.18.0"
| #define PACKAGE_STRING "newlib 1.18.0"
| #define PACKAGE_BUGREPORT ""
| /* end confdefs.h.  */
| 
| int
| main ()
| {
| 
|   ;
|   return 0;
| }
configure:3230: gcc -c   conftest.c >&5
configure:3237: $? = 0
configure: failed program was:
| /* confdefs.h.  */
| #define PACKAGE_NAME "newlib"
| #define PACKAGE_TARNAME "newlib"
| #define PACKAGE_VERSION "1.18.0"
| #define PACKAGE_STRING "newlib 1.18.0"
| #define PACKAGE_BUGREPORT ""
| /* end confdefs.h.  */
| 
| int
| main ()
| {
| 
|   ;
|   return 0;
| }
configure:3270: gcc -c -g  conftest.c >&5
configure:3277: $? = 0
configure: failed program was:
| /* confdefs.h.  */
| #define PACKAGE_NAME "newlib"
| #define PACKAGE_TARNAME "newlib"
| #define PACKAGE_VERSION "1.18.0"
| #define PACKAGE_STRING "newlib 1.18.0"
| #define PACKAGE_BUGREPORT ""
| /* end confdefs.h.  */
| 
| int
| main ()
| {
| 
|   ;
|   return 0;
| }
configure:3299: result: no
configure:3372: checking for as
configure:3388: found /usr/bin/as
configure:3399: result: as
configure:3464: checking for ar
configure:3480: found /usr/bin/ar
configure:3491: result: ar
configure:3556: checking for ranlib
configure:3572: found /usr/bin/ranlib
configure:3583: result: ranlib
configure:3648: checking for readelf
configure:3664: found /usr/bin/readelf
configure:3675: result: readelf
configure:3712: checking for a BSD-compatible install
configure:3780: result: /usr/bin/install -c
configure:3796: checking whether to enable maintainer-specific portions of Makefiles
configure:3805: result: no
configure:3912: checking for a sed that does not truncate output
configure:3978: result: /usr/bin/sed
configure:12900: creating ./config.status

## ---------------------- ##
## Running config.status. ##
## ---------------------- ##

This file was extended by newlib config.status 1.18.0, which was
generated by GNU Autoconf 2.63.  Invocation command line was

  CONFIG_FILES    = 
  CONFIG_HEADERS  = 
  CONFIG_LINKS    = 
  CONFIG_COMMANDS = 
  $ ./config.status 

on Trigun

config.status:934: creating Makefile
config.status:1145: executing depfiles commands

## ---------------- ##
## Cache variables. ##
## ---------------- ##

ac_cv_build=i686-pc-cygwin
ac_cv_c_compiler_gnu=yes
ac_cv_env_CCASFLAGS_set=
ac_cv_env_CCASFLAGS_value=
ac_cv_env_CCAS_set=
ac_cv_env_CCAS_value=
ac_cv_env_CC_set=
ac_cv_env_CC_value=
ac_cv_env_CFLAGS_set=
ac_cv_env_CFLAGS_value=
ac_cv_env_CPPFLAGS_set=
ac_cv_env_CPPFLAGS_value=
ac_cv_env_CPP_set=
ac_cv_env_CPP_value=
ac_cv_env_LDFLAGS_set=
ac_cv_env_LDFLAGS_value=
ac_cv_env_LIBS_set=
ac_cv_env_LIBS_value=
ac_cv_env_build_alias_set=
ac_cv_env_build_alias_value=
ac_cv_env_host_alias_set=
ac_cv_env_host_alias_value=
ac_cv_env_target_alias_set=
ac_cv_env_target_alias_value=
ac_cv_host=i686-pc-cygwin
ac_cv_path_SED=/usr/bin/sed
ac_cv_path_install='/usr/bin/install -c'
ac_cv_path_mkdir=/usr/bin/mkdir
ac_cv_prog_AWK=gawk
ac_cv_prog_CC=gcc
ac_cv_prog_ac_ct_AR=ar
ac_cv_prog_ac_ct_AS=as
ac_cv_prog_ac_ct_RANLIB=ranlib
ac_cv_prog_ac_ct_READELF=readelf
ac_cv_prog_cc_g=no
ac_cv_prog_make_make_set=no
am_cv_CC_dependencies_compiler_type=none

## ----------------- ##
## Output variables. ##
## ----------------- ##

ACLOCAL='${SHELL} /cygdrive/d/newlib-1.18.0/missing --run aclocal-1.11'
AMDEPBACKSLASH='\'
AMDEP_FALSE='#'
AMDEP_TRUE=''
AMTAR='${SHELL} /cygdrive/d/newlib-1.18.0/missing --run tar'
AR='ar'
AS='as'
AUTOCONF='${SHELL} /cygdrive/d/newlib-1.18.0/missing --run autoconf'
AUTOHEADER='${SHELL} /cygdrive/d/newlib-1.18.0/missing --run autoheader'
AUTOMAKE='${SHELL} /cygdrive/d/newlib-1.18.0/missing --run automake-1.11'
AWK='gawk'
CC='gcc -I/cygdrive/d/newlib-1.18.0/newlib/libc/include'
CCAS='gcc'
CCASFLAGS='-O2'
CCDEPMODE='depmode=none'
CFLAGS='-O2'
CPP=''
CPPFLAGS=''
CRT0=''
CYGPATH_W='cygpath -w'
DEFS='-DPACKAGE_NAME=\"newlib\" -DPACKAGE_TARNAME=\"newlib\" -DPACKAGE_VERSION=\"1.18.0\" -DPACKAGE_STRING=\"newlib\ 1.18.0\" -DPACKAGE_BUGREPORT=\"\"'
DEPDIR='.deps'
DLLTOOL=''
DSYMUTIL=''
DUMPBIN=''
ECHO_C=''
ECHO_N='-n'
ECHO_T=''
EGREP=''
ELIX_LEVEL_0_FALSE='#'
ELIX_LEVEL_0_TRUE=''
ELIX_LEVEL_1_FALSE=''
ELIX_LEVEL_1_TRUE='#'
ELIX_LEVEL_2_FALSE=''
ELIX_LEVEL_2_TRUE='#'
ELIX_LEVEL_3_FALSE=''
ELIX_LEVEL_3_TRUE='#'
ELIX_LEVEL_4_FALSE=''
ELIX_LEVEL_4_TRUE='#'
EXEEXT=''
FGREP=''
GREP=''
HAVE_SYS_DIR_FALSE=''
HAVE_SYS_DIR_TRUE='#'
INSTALL_DATA='${INSTALL} -m 644'
INSTALL_PROGRAM='${INSTALL}'
INSTALL_SCRIPT='${INSTALL}'
INSTALL_STRIP_PROGRAM='$(install_sh) -c -s'
LD=''
LDFLAGS=''
LIBOBJS=''
LIBS=''
LIBTOOL=''
LIPO=''
LN_S=''
LTLIBOBJS=''
MAINT='#'
MAINTAINER_MODE_FALSE=''
MAINTAINER_MODE_TRUE='#'
MAKEINFO='${SHELL} /cygdrive/d/newlib-1.18.0/missing --run makeinfo'
MAY_SUPPLY_SYSCALLS_FALSE='#'
MAY_SUPPLY_SYSCALLS_TRUE=''
MKDIR_P='/usr/bin/mkdir -p'
NEWLIB_CFLAGS=' -DHAVE_OPENDIR -DHAVE_RENAME -DSIGNAL_PROVIDED -D_COMPILING_NEWLIB -DHAVE_BLKSIZE -DHAVE_FCNTL -DMALLOC_PROVIDED -fno-builtin'
NM=''
NMEDIT=''
OBJDUMP=''
OBJEXT='o'
OTOOL64=''
OTOOL=''
PACKAGE='newlib'
PACKAGE_BUGREPORT=''
PACKAGE_NAME='newlib'
PACKAGE_STRING='newlib 1.18.0'
PACKAGE_TARNAME='newlib'
PACKAGE_VERSION='1.18.0'
PATH_SEPARATOR=':'
RANLIB='ranlib'
READELF='readelf'
SED='/usr/bin/sed'
SET_MAKE='MAKE=make'
SHELL='/bin/sh'
STRIP=''
USE_LIBTOOL_FALSE=''
USE_LIBTOOL_TRUE='#'
VERSION='1.18.0'
ac_ct_CC=''
ac_ct_DUMPBIN=''
aext='a'
am__EXEEXT_FALSE=''
am__EXEEXT_TRUE='#'
am__fastdepCC_FALSE=''
am__fastdepCC_TRUE='#'
am__include='#'
am__isrc=''
am__leading_dot='.'
am__quote=''
am__tar='${AMTAR} chof - "$$tardir"'
am__untar='${AMTAR} xf -'
bindir='${exec_prefix}/bin'
build='i686-pc-cygwin'
build_alias=''
build_cpu='i686'
build_os='cygwin'
build_vendor='pc'
datadir='${datarootdir}'
datarootdir='${prefix}/share'
docdir='${datarootdir}/doc/${PACKAGE_TARNAME}'
dvidir='${docdir}'
exec_prefix='${prefix}'
host='i686-pc-cygwin'
host_alias=''
host_cpu='i686'
host_os='cygwin'
host_vendor='pc'
htmldir='${docdir}'
includedir='${prefix}/include'
infodir='${datarootdir}/info'
install_sh='${SHELL} /cygdrive/d/newlib-1.18.0/install-sh'
libdir='${exec_prefix}/lib'
libexecdir='${exec_prefix}/libexec'
libm_machine_dir='i386'
localedir='${datarootdir}/locale'
localstatedir='${prefix}/var'
lpfx='lib_a-'
lt_ECHO='echo'
machine_dir='i386'
mandir='${datarootdir}/man'
mkdir_p='/usr/bin/mkdir -p'
newlib_basedir='./../..'
oext='o'
oldincludedir='/usr/include'
pdfdir='${docdir}'
prefix='/usr/local'
program_transform_name='s,x,x,'
psdir='${docdir}'
sbindir='${exec_prefix}/sbin'
sharedstatedir='${prefix}/com'
subdirs=''
sys_dir=''
sysconfdir='${prefix}/etc'
target_alias=''

## ----------- ##
## confdefs.h. ##
## ----------- ##

#define PACKAGE_NAME "newlib"
#define PACKAGE_TARNAME "newlib"
#define PACKAGE_VERSION "1.18.0"
#define PACKAGE_STRING "newlib 1.18.0"
#define PACKAGE_BUGREPORT ""

configure: exit 0
