This file contains any messages produced by compilers while
running configure, to aid debugging if configure makes a mistake.

It was created by newlib configure 1.18.0, which was
generated by GNU Autoconf 2.63.  Invocation command line was

  $ ./configure 

## --------- ##
## Platform. ##
## --------- ##

hostname = Trigun
uname -m = i686
uname -r = 1.7.1(0.218/5/3)
uname -s = CYGWIN_NT-5.1
uname -v = 2009-12-07 11:48

/usr/bin/uname -p = unknown
/bin/uname -X     = unknown

/bin/arch              = i686
/usr/bin/arch -k       = unknown
/usr/convex/getsysinfo = unknown
/usr/bin/hostinfo      = unknown
/bin/machine           = unknown
/usr/bin/oslevel       = unknown
/bin/universe          = unknown

PATH: /usr/local/bin
PATH: /usr/bin
PATH: /bin
PATH: /cygdrive/c/Program Files/CodeSourcery/Sourcery G++ Lite/bin
PATH: /cygdrive/c/WINDOWS/system32
PATH: /cygdrive/c/WINDOWS
PATH: /cygdrive/c/WINDOWS/System32/Wbem
PATH: /cygdrive/c/Program Files/TortoiseSVN/bin
PATH: /cygdrive/c/Cygnus/arm-tools/bin
PATH: /cygdrive/c/Cygnus/Bin


## ----------- ##
## Core tests. ##
## ----------- ##

configure:2159: checking build system type
configure:2177: result: i686-pc-cygwin
configure:2215: checking for a BSD-compatible install
configure:2283: result: /usr/bin/install -c
configure:2294: checking whether build environment is sane
configure:2354: result: yes
configure:2495: checking for a thread-safe mkdir -p
configure:2534: result: /usr/bin/mkdir -p
configure:2547: checking for gawk
configure:2563: found /usr/bin/gawk
configure:2574: result: gawk
configure:2585: checking whether make sets $(MAKE)
configure:2611: result: no
configure:2637: checking for style of include used by make
configure:2665: result: none
configure:2820: checking host system type
configure:2835: result: i686-pc-cygwin
configure:2928: checking for gcc
configure:2944: found /usr/bin/gcc
configure:2955: result: gcc
configure:2966: checking dependency style of gcc
configure:3076: result: none
configure:3151: checking whether we are using GNU C
configure:3162: gcc -E conftest.c
configure:3165: $? = 0
configure:3172: result: yes
configure:3181: checking whether gcc accepts -g
configure:3211: gcc -c -g  conftest.c >&5
configure:3218: $? = 0
configure: failed program was:
| /* confdefs.h.  */
| #define PACKAGE_NAME "newlib"
| #define PACKAGE_TARNAME "newlib"
| #define PACKAGE_VERSION "1.18.0"
| #define PACKAGE_STRING "newlib 1.18.0"
| #define PACKAGE_BUGREPORT ""
| /* end confdefs.h.  */
| 
| int
| main ()
| {
| 
|   ;
|   return 0;
| }
configure:3250: gcc -c   conftest.c >&5
configure:3257: $? = 0
configure: failed program was:
| /* confdefs.h.  */
| #define PACKAGE_NAME "newlib"
| #define PACKAGE_TARNAME "newlib"
| #define PACKAGE_VERSION "1.18.0"
| #define PACKAGE_STRING "newlib 1.18.0"
| #define PACKAGE_BUGREPORT ""
| /* end confdefs.h.  */
| 
| int
| main ()
| {
| 
|   ;
|   return 0;
| }
configure:3290: gcc -c -g  conftest.c >&5
configure:3297: $? = 0
configure: failed program was:
| /* confdefs.h.  */
| #define PACKAGE_NAME "newlib"
| #define PACKAGE_TARNAME "newlib"
| #define PACKAGE_VERSION "1.18.0"
| #define PACKAGE_STRING "newlib 1.18.0"
| #define PACKAGE_BUGREPORT ""
| /* end confdefs.h.  */
| 
| int
| main ()
| {
| 
|   ;
|   return 0;
| }
configure:3319: result: no
configure:3392: checking for as
configure:3408: found /usr/bin/as
configure:3419: result: as
configure:3484: checking for ar
configure:3500: found /usr/bin/ar
configure:3511: result: ar
configure:3576: checking for ranlib
configure:3592: found /usr/bin/ranlib
configure:3603: result: ranlib
configure:3668: checking for readelf
configure:3684: found /usr/bin/readelf
configure:3695: result: readelf
configure:3732: checking for a BSD-compatible install
configure:3800: result: /usr/bin/install -c
configure:3816: checking whether to enable maintainer-specific portions of Makefiles
configure:3825: result: no
configure:3932: checking for a sed that does not truncate output
configure:3998: result: /usr/bin/sed
configure:12767: checking Checking long double support
configure:12779: gcc -I/cygdrive/d/newlib-1.18.0/newlib/libc/include -O2  -c conftest.c 1>&5
configure:12782: $? = 0
configure:12791: result: yes
configure:13102: creating ./config.status

## ---------------------- ##
## Running config.status. ##
## ---------------------- ##

This file was extended by newlib config.status 1.18.0, which was
generated by GNU Autoconf 2.63.  Invocation command line was

  CONFIG_FILES    = 
  CONFIG_HEADERS  = 
  CONFIG_LINKS    = 
  CONFIG_COMMANDS = 
  $ ./config.status 

on Trigun

config.status:983: creating Makefile
config.status:983: creating argz/Makefile
config.status:983: creating ctype/Makefile
config.status:983: creating errno/Makefile
config.status:983: creating locale/Makefile
config.status:983: creating misc/Makefile
config.status:983: creating reent/Makefile
config.status:983: creating search/Makefile
config.status:983: creating stdio/Makefile
config.status:983: creating stdio64/Makefile
config.status:983: creating stdlib/Makefile
config.status:983: creating string/Makefile
config.status:983: creating time/Makefile
config.status:983: creating posix/Makefile
config.status:983: creating signal/Makefile
config.status:983: creating syscalls/Makefile
config.status:983: creating unix/Makefile
config.status:983: creating iconv/Makefile
config.status:983: creating iconv/ces/Makefile
config.status:983: creating iconv/ccs/Makefile
config.status:983: creating iconv/ccs/binary/Makefile
config.status:983: creating iconv/lib/Makefile
config.status:1194: executing depfiles commands
configure:15225: === configuring in machine (/cygdrive/d/newlib-1.18.0/newlib/libc/machine)
configure:15328: running /bin/sh ./configure --disable-option-checking '--prefix=/usr/local'  --cache-file=/dev/null --srcdir=.
configure:15225: === configuring in sys (/cygdrive/d/newlib-1.18.0/newlib/libc/sys)
configure:15328: running /bin/sh ./configure --disable-option-checking '--prefix=/usr/local'  --cache-file=/dev/null --srcdir=.

## ---------------- ##
## Cache variables. ##
## ---------------- ##

ac_cv_build=i686-pc-cygwin
ac_cv_c_compiler_gnu=yes
ac_cv_env_CCASFLAGS_set=
ac_cv_env_CCASFLAGS_value=
ac_cv_env_CCAS_set=
ac_cv_env_CCAS_value=
ac_cv_env_CC_set=
ac_cv_env_CC_value=
ac_cv_env_CFLAGS_set=
ac_cv_env_CFLAGS_value=
ac_cv_env_CPPFLAGS_set=
ac_cv_env_CPPFLAGS_value=
ac_cv_env_CPP_set=
ac_cv_env_CPP_value=
ac_cv_env_LDFLAGS_set=
ac_cv_env_LDFLAGS_value=
ac_cv_env_LIBS_set=
ac_cv_env_LIBS_value=
ac_cv_env_build_alias_set=
ac_cv_env_build_alias_value=
ac_cv_env_host_alias_set=
ac_cv_env_host_alias_value=
ac_cv_env_target_alias_set=
ac_cv_env_target_alias_value=
ac_cv_host=i686-pc-cygwin
ac_cv_path_SED=/usr/bin/sed
ac_cv_path_install='/usr/bin/install -c'
ac_cv_path_mkdir=/usr/bin/mkdir
ac_cv_prog_AWK=gawk
ac_cv_prog_CC=gcc
ac_cv_prog_ac_ct_AR=ar
ac_cv_prog_ac_ct_AS=as
ac_cv_prog_ac_ct_RANLIB=ranlib
ac_cv_prog_ac_ct_READELF=readelf
ac_cv_prog_cc_g=no
ac_cv_prog_make_make_set=no
acnewlib_cv_type_long_double=yes
am_cv_CC_dependencies_compiler_type=none

## ----------------- ##
## Output variables. ##
## ----------------- ##

ACLOCAL='${SHELL} /cygdrive/d/newlib-1.18.0/missing --run aclocal-1.11'
AMDEPBACKSLASH='\'
AMDEP_FALSE='#'
AMDEP_TRUE=''
AMTAR='${SHELL} /cygdrive/d/newlib-1.18.0/missing --run tar'
AR='ar'
AS='as'
AUTOCONF='${SHELL} /cygdrive/d/newlib-1.18.0/missing --run autoconf'
AUTOHEADER='${SHELL} /cygdrive/d/newlib-1.18.0/missing --run autoheader'
AUTOMAKE='${SHELL} /cygdrive/d/newlib-1.18.0/missing --run automake-1.11'
AWK='gawk'
CC='gcc -I/cygdrive/d/newlib-1.18.0/newlib/libc/include'
CCAS='gcc'
CCASFLAGS='-O2'
CCDEPMODE='depmode=none'
CFLAGS='-O2'
CPP=''
CPPFLAGS=''
CRT0=''
CYGPATH_W='cygpath -w'
DEFS='-DPACKAGE_NAME=\"newlib\" -DPACKAGE_TARNAME=\"newlib\" -DPACKAGE_VERSION=\"1.18.0\" -DPACKAGE_STRING=\"newlib\ 1.18.0\" -DPACKAGE_BUGREPORT=\"\"'
DEPDIR='.deps'
DLLTOOL=''
DSYMUTIL=''
DUMPBIN=''
ECHO_C=''
ECHO_N='-n'
ECHO_T=''
EGREP=''
ELIX_LEVEL_0_FALSE='#'
ELIX_LEVEL_0_TRUE=''
ELIX_LEVEL_1_FALSE=''
ELIX_LEVEL_1_TRUE='#'
ELIX_LEVEL_2_FALSE=''
ELIX_LEVEL_2_TRUE='#'
ELIX_LEVEL_3_FALSE=''
ELIX_LEVEL_3_TRUE='#'
ELIX_LEVEL_4_FALSE=''
ELIX_LEVEL_4_TRUE='#'
ENABLE_NEWLIB_ICONV_FALSE=''
ENABLE_NEWLIB_ICONV_TRUE='#'
EXEEXT=''
FGREP=''
GREP=''
HAVE_LONG_DOUBLE_FALSE='#'
HAVE_LONG_DOUBLE_TRUE=''
HAVE_POSIX_DIR_FALSE='#'
HAVE_POSIX_DIR_TRUE=''
HAVE_SIGNAL_DIR_FALSE='#'
HAVE_SIGNAL_DIR_TRUE=''
HAVE_STDIO64_DIR_FALSE='#'
HAVE_STDIO64_DIR_TRUE=''
HAVE_STDIO_DIR_FALSE='#'
HAVE_STDIO_DIR_TRUE=''
HAVE_SYSCALL_DIR_FALSE='#'
HAVE_SYSCALL_DIR_TRUE=''
HAVE_UNIX_DIR_FALSE=''
HAVE_UNIX_DIR_TRUE='#'
INSTALL_DATA='${INSTALL} -m 644'
INSTALL_PROGRAM='${INSTALL}'
INSTALL_SCRIPT='${INSTALL}'
INSTALL_STRIP_PROGRAM='$(install_sh) -c -s'
LD=''
LDFLAGS=''
LIBC_EXTRA_DEF=''
LIBC_EXTRA_LIB=''
LIBC_MACHINE_LIB='machine/lib.a'
LIBC_POSIX_LIB='posix/lib.a'
LIBC_SIGNAL_DEF='signal/stmp-def'
LIBC_SIGNAL_LIB='signal/lib.a'
LIBC_STDIO64_DEF='stdio64/stmp-def'
LIBC_STDIO64_LIB='stdio64/lib.a'
LIBC_STDIO_DEF='stdio/stmp-def'
LIBC_STDIO_LIB='stdio/lib.a'
LIBC_SYSCALL_LIB='syscalls/lib.a'
LIBC_SYS_LIB=''
LIBC_UNIX_LIB=''
LIBOBJS=''
LIBS=''
LIBTOOL=''
LIPO=''
LN_S=''
LTLIBOBJS=''
MAINT='#'
MAINTAINER_MODE_FALSE=''
MAINTAINER_MODE_TRUE='#'
MAKEINFO='${SHELL} /cygdrive/d/newlib-1.18.0/missing --run makeinfo'
MAY_SUPPLY_SYSCALLS_FALSE='#'
MAY_SUPPLY_SYSCALLS_TRUE=''
MKDIR_P='/usr/bin/mkdir -p'
NEWLIB_CFLAGS=' -DHAVE_OPENDIR -DHAVE_RENAME -DSIGNAL_PROVIDED -D_COMPILING_NEWLIB -DHAVE_BLKSIZE -DHAVE_FCNTL -DMALLOC_PROVIDED -fno-builtin'
NM=''
NMEDIT=''
OBJDUMP=''
OBJEXT='o'
OTOOL64=''
OTOOL=''
PACKAGE='newlib'
PACKAGE_BUGREPORT=''
PACKAGE_NAME='newlib'
PACKAGE_STRING='newlib 1.18.0'
PACKAGE_TARNAME='newlib'
PACKAGE_VERSION='1.18.0'
PATH_SEPARATOR=':'
RANLIB='ranlib'
READELF='readelf'
SED='/usr/bin/sed'
SET_MAKE='MAKE=make'
SHELL='/bin/sh'
STRIP=''
USE_LIBTOOL_FALSE=''
USE_LIBTOOL_TRUE='#'
VERSION='1.18.0'
ac_ct_CC=''
ac_ct_DUMPBIN=''
aext='a'
am__EXEEXT_FALSE=''
am__EXEEXT_TRUE='#'
am__fastdepCC_FALSE=''
am__fastdepCC_TRUE='#'
am__include='#'
am__isrc=''
am__leading_dot='.'
am__quote=''
am__tar='${AMTAR} chof - "$$tardir"'
am__untar='${AMTAR} xf -'
bindir='${exec_prefix}/bin'
build='i686-pc-cygwin'
build_alias=''
build_cpu='i686'
build_os='cygwin'
build_vendor='pc'
datadir='${datarootdir}'
datarootdir='${prefix}/share'
docdir='${datarootdir}/doc/${PACKAGE_TARNAME}'
dvidir='${docdir}'
exec_prefix='${prefix}'
extra_dir=''
host='i686-pc-cygwin'
host_alias=''
host_cpu='i686'
host_os='cygwin'
host_vendor='pc'
htmldir='${docdir}'
includedir='${prefix}/include'
infodir='${datarootdir}/info'
install_sh='${SHELL} /cygdrive/d/newlib-1.18.0/install-sh'
libdir='${exec_prefix}/lib'
libexecdir='${exec_prefix}/libexec'
libm_machine_dir='i386'
localedir='${datarootdir}/locale'
localstatedir='${prefix}/var'
lpfx='lib_a-'
lt_ECHO='echo'
machine_dir='i386'
mandir='${datarootdir}/man'
mkdir_p='/usr/bin/mkdir -p'
newlib_basedir='./..'
oext='o'
oldincludedir='/usr/include'
pdfdir='${docdir}'
prefix='/usr/local'
program_transform_name='s,x,x,'
psdir='${docdir}'
sbindir='${exec_prefix}/sbin'
sharedstatedir='${prefix}/com'
subdirs=' machine sys'
sys_dir=''
sysconfdir='${prefix}/etc'
target_alias=''

## ----------- ##
## confdefs.h. ##
## ----------- ##

#define PACKAGE_NAME "newlib"
#define PACKAGE_TARNAME "newlib"
#define PACKAGE_VERSION "1.18.0"
#define PACKAGE_STRING "newlib 1.18.0"
#define PACKAGE_BUGREPORT ""

configure: exit 0
